Arguments: 
  /usr/bin/node /usr/share/yarn/bin/yarn.js init -Y

PATH: 
  /home/vitor/.rvm/gems/ruby-2.5.3/bin:/home/vitor/.rvm/gems/ruby-2.5.3@global/bin:/home/vitor/.rvm/rubies/ruby-2.5.3/bin:/home/vitor/.local/bin:/usr/local/sbin:/usr/local/bin:/usr/sbin:/usr/bin:/sbin:/bin:/usr/games:/usr/local/games:/snap/bin:/usr/lib/jvm/java-8-oracle/bin:/usr/lib/jvm/java-8-oracle/db/bin:/usr/lib/jvm/java-8-oracle/jre/bin:/home/vitor/Android/Sdk/tools:/home/vitor/Android/Sdk/platform-tools:/home/vitor/.rvm/bin

Yarn version: 
  1.12.3

Node version: 
  8.15.0

Platform: 
  linux x64

Trace: 
  Error: canceled
      at Interface.<anonymous> (/usr/share/yarn/lib/cli.js:125278:13)
      at emitNone (events.js:106:13)
      at Interface.emit (events.js:208:7)
      at Interface._ttyWrite (readline.js:774:16)
      at ReadStream.onkeypress (readline.js:158:10)
      at emitTwo (events.js:126:13)
      at ReadStream.emit (events.js:214:7)
      at emitKeys (internal/readline.js:420:14)
      at emitKeys.next (<anonymous>)
      at ReadStream.onData (readline.js:1010:36)

npm manifest: 
  No manifest

yarn manifest: 
  No manifest

Lockfile: 
  No lockfile
